5/28/2023, 5:50:00 AM - PROFANITY REPORT | ID: 1677723313042-677508, KEY: account.sig, DETAIL: {"isBadWord":true,"detectedWord":"fucker","profanityWordRelated":"fucker","badWordLanguage":"en"}
6/24/2023, 6:06:31 PM - PROFANITY REPORT | ID: 1685552057729-636395, KEY: server.chat.global, DETAIL: {"isBadWord":true,"detectedWord":"fuck","profanityWordRelated":"fuck","badWordLanguage":"en"}
6/24/2023, 6:06:41 PM - PROFANITY REPORT | ID: 1685552057729-636395, KEY: server.chat.global, DETAIL: {"isBadWord":true,"detectedWord":"f u c k","profanityWordRelated":"fuck","badWordLanguage":"en"}
6/24/2023, 6:08:43 PM - PROFANITY REPORT | ID: 1685552057729-636395, KEY: server.chat.global, DETAIL: {"isBadWord":true,"detectedWord":"hello","profanityWordRelated":"hello","badWordLanguage":"en"}
6/24/2023, 6:08:53 PM - PROFANITY REPORT | ID: 1685552057729-636395, KEY: server.chat.global, DETAIL: {"isBadWord":true,"detectedWord":"hello","profanityWordRelated":"hello","badWordLanguage":"en"}
6/24/2023, 6:09:00 PM - PROFANITY REPORT | ID: 1685552057729-636395, KEY: server.chat.global, DETAIL: {"isBadWord":true,"detectedWord":"f u c k","profanityWordRelated":"fuck","badWordLanguage":"en"}
6/24/2023, 6:09:10 PM - PROFANITY REPORT | ID: 1685552057729-636395, KEY: server.chat.global, DETAIL: {"isBadWord":true,"detectedWord":"hel","profanityWordRelated":"hell","badWordLanguage":"en"}
6/24/2023, 6:09:20 PM - PROFANITY REPORT | ID: 1685552057729-636395, KEY: server.chat.global, DETAIL: {"isBadWord":true,"detectedWord":"hello","profanityWordRelated":"hello","badWordLanguage":"en"}
6/24/2023, 6:12:15 PM - PROFANITY REPORT | ID: 1685552057729-636395, KEY: server.chat.global, DETAIL: {"isBadWord":true,"detectedWord":"hello","profanityWordRelated":"hello","badWordLanguage":"en"}
6/24/2023, 6:12:31 PM - PROFANITY REPORT | ID: 1685552057729-636395, KEY: server.chat.global, DETAIL: {"isBadWord":true,"detectedWord":"hello","profanityWordRelated":"hello","badWordLanguage":"en"}
6/24/2023, 6:13:00 PM - PROFANITY REPORT | ID: 1685552057729-636395, KEY: server.chat.global, DETAIL: {"isBadWord":true,"detectedWord":"lol","profanityWordRelated":"lul","badWordLanguage":"nl"}
6/24/2023, 6:14:23 PM - PROFANITY REPORT | ID: 1685552057729-636395, KEY: server.chat.global, DETAIL: {"isBadWord":true,"detectedWord":"ass","profanityWordRelated":"ass","badWordLanguage":"en"}
6/24/2023, 6:14:25 PM - PROFANITY REPORT | ID: 1685552057729-636395, KEY: server.chat.global, DETAIL: {"isBadWord":true,"detectedWord":"ass","profanityWordRelated":"ass","badWordLanguage":"en"}
6/24/2023, 6:14:56 PM - PROFANITY REPORT | ID: 1685552057729-636395, KEY: server.chat.global, DETAIL: {"isBadWord":true,"detectedWord":"fuck","profanityWordRelated":"fuck","badWordLanguage":"en"}
6/24/2023, 6:15:05 PM - PROFANITY REPORT | ID: 1685552057729-636395, KEY: server.chat.global, DETAIL: {"isBadWord":true,"detectedWord":"fuck","profanityWordRelated":"fuck","badWordLanguage":"en"}
6/24/2023, 6:15:09 PM - PROFANITY REPORT | ID: 1685552057729-636395, KEY: server.chat.global, DETAIL: {"isBadWord":true,"detectedWord":"hello","profanityWordRelated":"hello","badWordLanguage":"en"}
6/24/2023, 6:16:02 PM - PROFANITY REPORT | ID: 1685552057729-636395, KEY: server.chat.global, DETAIL: {"isBadWord":true,"detectedWord":"hell","profanityWordRelated":"hell","badWordLanguage":"en"}
6/24/2023, 6:16:04 PM - PROFANITY REPORT | ID: 1685552057729-636395, KEY: server.chat.global, DETAIL: {"isBadWord":true,"detectedWord":"hello","profanityWordRelated":"hello","badWordLanguage":"en"}
6/24/2023, 6:19:01 PM - PROFANITY REPORT | ID: 1685552057729-636395, KEY: server.chat.global, DETAIL: {"isBadWord":true,"detectedWord":"fuck","profanityWordRelated":"fuck","badWordLanguage":"en"}
6/24/2023, 6:19:01 PM - PROFANITY REPORT | ID: 1685552057729-636395, KEY: server.chat.global, DETAIL: {"isBadWord":true,"detectedWord":"fuck","profanityWordRelated":"fuck","badWordLanguage":"en"}
6/24/2023, 6:19:01 PM - PROFANITY REPORT | ID: 1685552057729-636395, KEY: server.chat.global, DETAIL: {"isBadWord":true,"detectedWord":"fuck","profanityWordRelated":"fuck","badWordLanguage":"en"}
6/24/2023, 6:19:02 PM - PROFANITY REPORT | ID: 1685552057729-636395, KEY: server.chat.global, DETAIL: {"isBadWord":true,"detectedWord":"fuck","profanityWordRelated":"fuck","badWordLanguage":"en"}
6/24/2023, 6:19:02 PM - PROFANITY REPORT | ID: 1685552057729-636395, KEY: server.chat.global, DETAIL: {"isBadWord":true,"detectedWord":"f u c k","profanityWordRelated":"fuck","badWordLanguage":"en"}
6/24/2023, 6:22:14 PM - PROFANITY REPORT | ID: 1685552057729-636395, KEY: server.chat.global, DETAIL: {"isBadWord":true,"detectedWord":"dk","profanityWordRelated":"dick","badWordLanguage":"en"}
6/24/2023, 6:22:44 PM - PROFANITY REPORT | ID: 1685552057729-636395, KEY: server.chat.global, DETAIL: {"isBadWord":true,"detectedWord":"sk","profanityWordRelated":"suck","badWordLanguage":"en"}
6/24/2023, 6:22:53 PM - PROFANITY REPORT | ID: 1685552057729-636395, KEY: server.chat.global, DETAIL: {"isBadWord":true,"detectedWord":"suck","profanityWordRelated":"suck","badWordLanguage":"en"}
6/24/2023, 7:17:47 PM - PROFANITY REPORT | ID: 1687625542178-754322, KEY: server.chat.global, DETAIL: {"isBadWord":true,"detectedWord":"fuck","profanityWordRelated":"fuck","badWordLanguage":"en"}
12/7/2023, 8:10:05 PM - PROFANITY REPORT | ID: 1677723687356-94560, KEY: account.sig, DETAIL: {"isBadWord":true,"detectedWord":"tit","profanityWordRelated":"tit","badWordLanguage":"en"}
12/7/2023, 10:17:31 PM - PROFANITY REPORT | ID: 1677723313042-677508, KEY: server.chat.global, DETAIL: {"isBadWord":true,"detectedWord":"fuck","profanityWordRelated":"fuck","badWordLanguage":"en"}
12/7/2023, 10:17:33 PM - PROFANITY REPORT | ID: 1701986925846-473721, KEY: server.chat.global, DETAIL: {"isBadWord":true,"detectedWord":"fuck","profanityWordRelated":"fuck","badWordLanguage":"en"}
12/7/2023, 10:17:38 PM - PROFANITY REPORT | ID: 1701986925846-473721, KEY: server.chat.global, DETAIL: {"isBadWord":true,"detectedWord":"whore","profanityWordRelated":"whore","badWordLanguage":"en"}
12/7/2023, 10:17:47 PM - PROFANITY REPORT | ID: 1701986925846-473721, KEY: server.chat.global, DETAIL: {"isBadWord":true,"detectedWord":"fuckinng","profanityWordRelated":"fucking","badWordLanguage":"en"}
12/7/2023, 10:18:00 PM - PROFANITY REPORT | ID: 1701986925846-473721, KEY: server.chat.global, DETAIL: {"isBadWord":true,"detectedWord":"fu<k","profanityWordRelated":"fuck","badWordLanguage":"en"}
12/7/2023, 10:19:23 PM - PROFANITY REPORT | ID: 1701986925846-473721, KEY: server.chat.global, DETAIL: {"isBadWord":true,"detectedWord":"$hit","profanityWordRelated":"shit","badWordLanguage":"en"}
12/7/2023, 10:19:38 PM - PROFANITY REPORT | ID: 1701986925846-473721, KEY: server.chat.global, DETAIL: {"isBadWord":true,"detectedWord":"shi+","profanityWordRelated":"shit","badWordLanguage":"en"}
12/7/2023, 10:19:48 PM - PROFANITY REPORT | ID: 1701986925846-473721, KEY: server.chat.global, DETAIL: {"isBadWord":true,"detectedWord":"sh|t","profanityWordRelated":"sh1t","badWordLanguage":"en"}
12/7/2023, 10:19:55 PM - PROFANITY REPORT | ID: 1701986925846-473721, KEY: server.chat.global, DETAIL: {"isBadWord":true,"detectedWord":"5hit","profanityWordRelated":"shit","badWordLanguage":"en"}
12/7/2023, 10:20:07 PM - PROFANITY REPORT | ID: 1701986925846-473721, KEY: server.chat.global, DETAIL: {"isBadWord":true,"detectedWord":"shlt","profanityWordRelated":"sh1t","badWordLanguage":"en"}
12/7/2023, 10:20:26 PM - PROFANITY REPORT | ID: 1701986925846-473721, KEY: server.chat.global, DETAIL: {"isBadWord":true,"detectedWord":"sh!t","profanityWordRelated":"shit","badWordLanguage":"en"}
12/7/2023, 11:58:28 PM - PROFANITY REPORT | ID: 1677723313042-677508, KEY: account.sig, DETAIL: {"isBadWord":true,"detectedWord":"balls","profanityWordRelated":"balls","badWordLanguage":"en"}
12/7/2023, 11:58:28 PM - PROFANITY REPORT | ID: 1677723313042-677508, KEY: account.sig, DETAIL: {"isBadWord":true,"detectedWord":"balls","profanityWordRelated":"balls","badWordLanguage":"en"}
12/7/2023, 11:58:29 PM - PROFANITY REPORT | ID: 1677723313042-677508, KEY: account.sig, DETAIL: {"isBadWord":true,"detectedWord":"balls","profanityWordRelated":"balls","badWordLanguage":"en"}
12/7/2023, 11:58:29 PM - PROFANITY REPORT | ID: 1677723313042-677508, KEY: account.sig, DETAIL: {"isBadWord":true,"detectedWord":"balls","profanityWordRelated":"balls","badWordLanguage":"en"}
12/7/2023, 11:58:29 PM - PROFANITY REPORT | ID: 1677723313042-677508, KEY: account.sig, DETAIL: {"isBadWord":true,"detectedWord":"balls","profanityWordRelated":"balls","badWordLanguage":"en"}
12/7/2023, 11:58:30 PM - PROFANITY REPORT | ID: 1677723313042-677508, KEY: account.sig, DETAIL: {"isBadWord":true,"detectedWord":"balls","profanityWordRelated":"balls","badWordLanguage":"en"}
12/7/2023, 11:58:30 PM - PROFANITY REPORT | ID: 1677723313042-677508, KEY: account.sig, DETAIL: {"isBadWord":true,"detectedWord":"balls","profanityWordRelated":"balls","badWordLanguage":"en"}
12/7/2023, 11:58:30 PM - PROFANITY REPORT | ID: 1677723313042-677508, KEY: account.sig, DETAIL: {"isBadWord":true,"detectedWord":"balls","profanityWordRelated":"balls","badWordLanguage":"en"}
12/7/2023, 11:58:30 PM - PROFANITY REPORT | ID: 1677723313042-677508, KEY: account.sig, DETAIL: {"isBadWord":true,"detectedWord":"balls","profanityWordRelated":"balls","badWordLanguage":"en"}
12/7/2023, 11:58:30 PM - PROFANITY REPORT | ID: 1677723313042-677508, KEY: account.sig, DETAIL: {"isBadWord":true,"detectedWord":"balls","profanityWordRelated":"balls","badWordLanguage":"en"}
12/8/2023, 12:01:36 AM - PROFANITY REPORT | ID: 1677723313042-677508, KEY: account.sig, DETAIL: {"isBadWord":true,"detectedWord":"balls","profanityWordRelated":"balls","badWordLanguage":"en"}
12/8/2023, 3:17:03 AM - PROFANITY REPORT | ID: 1677723313042-677508, KEY: account.sig, DETAIL: {"isBadWord":true,"detectedWord":"balls","profanityWordRelated":"balls","badWordLanguage":"en"}
12/8/2023, 3:33:13 AM - PROFANITY REPORT | ID: 1677723313042-677508, KEY: account.sig, DETAIL: {"isBadWord":true,"detectedWord":"balls","profanityWordRelated":"balls","badWordLanguage":"en"}
