5/17/2023, 4:31:54 AM - LOGIN ATTEMPT >> 1;1677766648975-653662
5/17/2023, 5:07:09 PM - LOGIN ATTEMPT >> 0;1677771715710-266126
5/17/2023, 5:07:21 PM - LOGIN ATTEMPT >> 0;NO_SUCH_PLAYERNAME
5/17/2023, 5:07:28 PM - LOGIN ATTEMPT >> 0;NO_SUCH_PLAYERNAME
5/17/2023, 6:51:11 PM - LOGIN ATTEMPT >> 1;1677781096657-820837
5/17/2023, 9:09:53 PM - LOGIN ATTEMPT >> 1;1677723313042-677508
5/17/2023, 9:51:43 PM - LOGIN ATTEMPT >> 0;1677771715710-266126
5/17/2023, 9:51:47 PM - LOGIN ATTEMPT >> 0;1677771715710-266126
5/17/2023, 9:51:50 PM - LOGIN ATTEMPT >> 0;NO_SUCH_PLAYERNAME
5/17/2023, 9:51:55 PM - LOGIN ATTEMPT >> 0;NO_SUCH_PLAYERNAME
5/17/2023, 9:52:01 PM - LOGIN ATTEMPT >> 0;NO_SUCH_PLAYERNAME
5/17/2023, 9:52:07 PM - LOGIN ATTEMPT >> 0;NO_SUCH_PLAYERNAME
5/17/2023, 9:55:24 PM - LOGIN ATTEMPT >> 1;1677771715710-266126
5/20/2023, 12:38:38 AM - LOGIN ATTEMPT >> 0;NO_SUCH_PLAYERNAME
5/20/2023, 12:39:22 AM - LOGIN ATTEMPT >> 0;NO_SUCH_PLAYERNAME
5/20/2023, 12:39:26 AM - LOGIN ATTEMPT >> 0;NO_SUCH_PLAYERNAME
5/20/2023, 12:39:31 AM - LOGIN ATTEMPT >> 0;NO_SUCH_PLAYERNAME
5/20/2023, 3:12:41 AM - LOGIN ATTEMPT >> 0;NO_SUCH_PLAYERNAME
5/20/2023, 3:12:43 AM - LOGIN ATTEMPT >> 0;NO_SUCH_PLAYERNAME
5/20/2023, 3:13:40 AM - LOGIN ATTEMPT >> 1;1677737073603-146799
5/20/2023, 4:28:51 AM - LOGIN ATTEMPT >> 1;1677737073603-146799
5/20/2023, 6:08:26 PM - LOGIN ATTEMPT >> 1;1677726684613-661486
5/21/2023, 5:03:24 AM - LOGIN ATTEMPT >> 0;NO_SUCH_PLAYERNAME
5/21/2023, 5:03:25 AM - LOGIN ATTEMPT >> 0;NO_SUCH_PLAYERNAME
5/21/2023, 5:03:34 AM - LOGIN ATTEMPT >> 0;1677821534733-759400
5/21/2023, 5:03:45 AM - LOGIN ATTEMPT >> 1;1677821534733-759400
5/21/2023, 2:45:33 PM - LOGIN ATTEMPT >> 0;NO_SUCH_PLAYERNAME
5/21/2023, 2:46:15 PM - LOGIN ATTEMPT >> 0;NO_SUCH_PLAYERNAME
5/21/2023, 2:46:16 PM - LOGIN ATTEMPT >> 0;NO_SUCH_PLAYERNAME
5/21/2023, 2:46:16 PM - LOGIN ATTEMPT >> 0;NO_SUCH_PLAYERNAME
5/21/2023, 2:47:12 PM - LOGIN ATTEMPT >> 0;NO_SUCH_PLAYERNAME
5/22/2023, 1:12:36 AM - LOGIN ATTEMPT >> 1;1677723313042-677508
5/22/2023, 4:03:28 PM - Email Change >> apowvalla26@jesuitmail.org - 1677723313042-677508
5/23/2023, 6:11:09 PM - LOGIN ATTEMPT >> 1;1677723313042-677508
5/23/2023, 6:11:20 PM - LOGIN ATTEMPT >> 1;1677723313042-677508
5/23/2023, 6:48:54 PM - LOGIN ATTEMPT >> 1;1677723313042-677508
5/23/2023, 7:42:03 PM - LOGIN ATTEMPT >> 1;1677769991454-216089
5/23/2023, 8:44:46 PM - LOGIN ATTEMPT >> 1;1677770927212-145244
5/23/2023, 9:55:37 PM - Account Creation >> sgowda26@jesuitmail.org - 1684878937472-491247
5/23/2023, 9:55:41 PM - Account Creation >> sgowda26@jesuitmail.org - 1684878941721-736078
5/23/2023, 9:56:03 PM - Account Creation >> sgowda26@jesuitmail.org - 1684878963799-891762
5/23/2023, 9:56:08 PM - Account Creation >> sgowda26@jesuitmail.org - 1684878968148-300032
5/23/2023, 9:56:27 PM - Account Creation >> sgowda26@jesuitmail.org - 1684878987093-302079
5/23/2023, 10:00:58 PM - Account Creation >> sgowda26@jesuitmail.org - 1684879258362-525148
5/24/2023, 12:10:41 AM - Account Creation >> sgowda26@jesuitmail.org - 1684887041896-753193
5/24/2023, 12:10:47 AM - Account Creation >> sgowda26@jesuitmail.org - 1684887047013-698625
5/24/2023, 4:06:20 AM - Account Creation >> sgowda26@jesuitmail.org - 1684901180842-984913
5/24/2023, 4:06:32 AM - Account Creation >> sgowda26@jesuitmail.org - 1684901192029-323560
5/24/2023, 4:06:37 AM - Account Creation >> sgowda26@jesuitmail.org - 1684901197558-202421
5/24/2023, 4:06:41 AM - Account Creation >> sgowda26@jesuitmail.org - 1684901201142-872789
5/24/2023, 4:06:49 AM - Account Creation >> aries.powvalla@gmail.com - 1684901209582-323676
5/24/2023, 4:06:54 AM - Account Creation >> sgowda26@jesuitmail.org - 1684901214477-655158
5/24/2023, 4:07:00 AM - Account Creation >> aries.powvalla@gmail.com - 1684901220104-189161
5/24/2023, 4:09:02 AM - Account Creation >> aries.powvalla@gmail.com - 1684901342831-869248
5/24/2023, 4:14:58 AM - Account Creation >> aries.powvalla@gmail.com - 1684901698737-723181
5/24/2023, 4:15:22 AM - Account Creation >> aries.powvalla@gmail.com - 1684901722179-648707
5/24/2023, 4:16:15 AM - LOGIN ATTEMPT >> 1;1677723313042-677508
5/24/2023, 4:17:18 AM - Account Creation >> sgowda26@jesuitmail.org - 1684901838408-445007
5/24/2023, 4:17:51 AM - LOGIN ATTEMPT >> 1;1684901838408-445007
5/24/2023, 6:44:21 PM - LOGIN ATTEMPT >> 0;NO_SUCH_PLAYERNAME
5/24/2023, 6:44:23 PM - LOGIN ATTEMPT >> 0;NO_SUCH_PLAYERNAME
5/24/2023, 6:52:10 PM - LOGIN ATTEMPT >> 0;1677735408680-382789
5/24/2023, 6:54:55 PM - Account Creation >> Bvinh26@jesuitmail.org - 1684954495195-126545
5/24/2023, 6:55:28 PM - LOGIN ATTEMPT >> 1;1684954495195-126545
5/24/2023, 6:55:29 PM - LOGIN ATTEMPT >> 1;1684954495195-126545
5/26/2023, 6:27:54 PM - Account Creation >> owenrandall946@gmail.com - 1685125674533-624494
5/26/2023, 6:30:59 PM - LOGIN ATTEMPT >> 0;NO_SUCH_PLAYERNAME
5/26/2023, 6:31:01 PM - LOGIN ATTEMPT >> 0;NO_SUCH_PLAYERNAME
5/26/2023, 6:31:02 PM - LOGIN ATTEMPT >> 0;NO_SUCH_PLAYERNAME
5/26/2023, 6:31:05 PM - LOGIN ATTEMPT >> 0;NO_SUCH_PLAYERNAME
5/26/2023, 6:31:08 PM - LOGIN ATTEMPT >> 0;NO_SUCH_PLAYERNAME
5/26/2023, 6:31:09 PM - LOGIN ATTEMPT >> 0;NO_SUCH_PLAYERNAME
5/26/2023, 6:31:10 PM - LOGIN ATTEMPT >> 0;NO_SUCH_PLAYERNAME
5/26/2023, 6:31:11 PM - LOGIN ATTEMPT >> 0;NO_SUCH_PLAYERNAME
5/26/2023, 6:31:24 PM - LOGIN ATTEMPT >> 0;NO_SUCH_PLAYERNAME
5/26/2023, 6:31:26 PM - LOGIN ATTEMPT >> 0;NO_SUCH_PLAYERNAME
5/26/2023, 6:31:39 PM - LOGIN ATTEMPT >> 0;NO_SUCH_PLAYERNAME
5/26/2023, 6:32:40 PM - Account Creation >> owenrandall946@gmail.com - 1685125960024-569261
5/26/2023, 6:33:27 PM - LOGIN ATTEMPT >> 1;1685125960024-569261
5/27/2023, 4:01:06 AM - LOGIN ATTEMPT >> 1;1677723313042-677508
5/27/2023, 10:40:20 PM - Email Change >> aries.powvalla@gmail.com - 1677723313042-677508
5/29/2023, 5:09:15 AM - Account Creation >> dfgdfg@gmail.com - 1685336955637-494720
5/29/2023, 5:11:25 AM - LOGIN ATTEMPT >> 1;1677723313042-677508
5/31/2023, 4:35:53 PM - LOGIN ATTEMPT >> 0;NO_SUCH_PLAYERNAME
5/31/2023, 4:36:14 PM - LOGIN ATTEMPT >> 1;1677733938303-54784
5/31/2023, 4:54:17 PM - Account Creation >> aries.powvalla@gmail.com - 1685552057729-636395
5/31/2023, 8:50:57 PM - LOGIN ATTEMPT >> 1;1685552057729-636395
5/31/2023, 9:15:55 PM - LOGIN ATTEMPT >> 0;NO_SUCH_PLAYERNAME
5/31/2023, 9:16:01 PM - LOGIN ATTEMPT >> 1;1677723313042-677508
5/31/2023, 11:02:04 PM - LOGIN ATTEMPT >> 1;1677723313042-677508
6/1/2023, 2:59:32 PM - LOGIN ATTEMPT >> 1;1677723313042-677508
6/23/2023, 7:03:24 PM - LOGIN ATTEMPT >> 1;1677723313042-677508
6/23/2023, 7:03:42 PM - LOGIN ATTEMPT >> 0;NO_SUCH_PLAYERNAME
6/23/2023, 7:03:49 PM - LOGIN ATTEMPT >> 1;1677723313042-677508
6/24/2023, 3:45:37 AM - LOGIN ATTEMPT >> 1;1685552057729-636395
6/24/2023, 6:59:17 AM - LOGIN ATTEMPT >> 1;1685552057729-636395
6/24/2023, 4:52:22 PM - Account Creation >> timmy73285623875628795@gmail.com - 1687625542178-754322
6/24/2023, 4:53:00 PM - LOGIN ATTEMPT >> 1;1687625542178-754322
6/25/2023, 2:44:28 AM - LOGIN ATTEMPT >> 1;1685552057729-636395
6/27/2023, 5:43:35 PM - Account Creation >> nityashah1811@gmail.com - 1687887815611-300324
6/29/2023, 4:35:39 AM - LOGIN ATTEMPT >> 1;1685552057729-636395
